2023-08-06 02:25:21.731747 - Initialized conversion of CBT239
2023-08-06 02:25:22.128498 - Received CBT.V505.FILE239.PDS from FILE239.XMI 
2023-08-06 02:25:22.130951 - Found $$$#DATE.txt (text/plain) in CBT.V505.FILE239.PDS, moved to PDS/$$$#DATE
2023-08-06 02:25:22.132003 - Found @FILE238.txt (text/plain) in CBT.V505.FILE239.PDS, moved to PDS/@FILE238
2023-08-06 02:25:22.133047 - Found @FILE239.txt (text/plain) in CBT.V505.FILE239.PDS, moved to PDS/@FILE239
2023-08-06 02:25:22.133916 - Found ISR@PRIM.txt (text/plain) in CBT.V505.FILE239.PDS, moved to PDS/ISR@PRIM
2023-08-06 02:25:22.134880 - Found REACB000.txt (text/plain) in CBT.V505.FILE239.PDS, moved to PDS/REACB000
2023-08-06 02:25:22.135799 - Found REACO000.txt (text/plain) in CBT.V505.FILE239.PDS, moved to PDS/REACO000
2023-08-06 02:25:22.136678 - Found READD000.txt (text/plain) in CBT.V505.FILE239.PDS, moved to PDS/READD000
2023-08-06 02:25:22.137523 - Found READI000.txt (text/plain) in CBT.V505.FILE239.PDS, moved to PDS/READI000
2023-08-06 02:25:22.138489 - Found READI001.txt (text/plain) in CBT.V505.FILE239.PDS, moved to PDS/READI001
2023-08-06 02:25:22.139423 - Found READI002.txt (text/plain) in CBT.V505.FILE239.PDS, moved to PDS/READI002
2023-08-06 02:25:22.140270 - Found READI003.txt (text/plain) in CBT.V505.FILE239.PDS, moved to PDS/READI003
2023-08-06 02:25:22.141137 - Found REAEP000.txt (text/plain) in CBT.V505.FILE239.PDS, moved to PDS/REAEP000
2023-08-06 02:25:22.142068 - Found REAGE000.txt (text/plain) in CBT.V505.FILE239.PDS, moved to PDS/REAGE000
2023-08-06 02:25:22.143014 - Found REAGE001.txt (text/plain) in CBT.V505.FILE239.PDS, moved to PDS/REAGE001
2023-08-06 02:25:22.143888 - Found REALA000.txt (text/plain) in CBT.V505.FILE239.PDS, moved to PDS/REALA000
2023-08-06 02:25:22.144703 - Found REALID00.txt (text/plain) in CBT.V505.FILE239.PDS, moved to PDS/REALID00
2023-08-06 02:25:22.145692 - Found REALID01.txt (text/plain) in CBT.V505.FILE239.PDS, moved to PDS/REALID01
2023-08-06 02:25:22.146630 - Found REALIR00.txt (text/plain) in CBT.V505.FILE239.PDS, moved to PDS/REALIR00
2023-08-06 02:25:22.147542 - Found REALIT00.txt (text/plain) in CBT.V505.FILE239.PDS, moved to PDS/REALIT00
2023-08-06 02:25:22.148453 - Found REALIT01.txt (text/plain) in CBT.V505.FILE239.PDS, moved to PDS/REALIT01
2023-08-06 02:25:22.149338 - Found REALIT02.txt (text/plain) in CBT.V505.FILE239.PDS, moved to PDS/REALIT02
2023-08-06 02:25:22.150275 - Found REALIT03.txt (text/plain) in CBT.V505.FILE239.PDS, moved to PDS/REALIT03
2023-08-06 02:25:22.151175 - Found REALIU00.txt (text/plain) in CBT.V505.FILE239.PDS, moved to PDS/REALIU00
2023-08-06 02:25:22.152038 - Found REALI000.txt (text/plain) in CBT.V505.FILE239.PDS, moved to PDS/REALI000
2023-08-06 02:25:22.152897 - Found REALI001.txt (text/plain) in CBT.V505.FILE239.PDS, moved to PDS/REALI001
2023-08-06 02:25:22.153863 - Found REAMA000.txt (text/plain) in CBT.V505.FILE239.PDS, moved to PDS/REAMA000
2023-08-06 02:25:22.154731 - Found REAMI000.txt (text/plain) in CBT.V505.FILE239.PDS, moved to PDS/REAMI000
2023-08-06 02:25:22.155696 - Found REAPR#00.txt (text/plain) in CBT.V505.FILE239.PDS, moved to PDS/REAPR#00
2023-08-06 02:25:22.156536 - Found REAPR@00.txt (text/plain) in CBT.V505.FILE239.PDS, moved to PDS/REAPR@00
2023-08-06 02:25:22.157350 - Found REAPRD00.txt (text/plain) in CBT.V505.FILE239.PDS, moved to PDS/REAPRD00
2023-08-06 02:25:22.158319 - Found REAPRD01.txt (text/plain) in CBT.V505.FILE239.PDS, moved to PDS/REAPRD01
2023-08-06 02:25:22.159301 - Found REAPRE00.txt (text/plain) in CBT.V505.FILE239.PDS, moved to PDS/REAPRE00
2023-08-06 02:25:22.160120 - Found REAPRF00.txt (text/plain) in CBT.V505.FILE239.PDS, moved to PDS/REAPRF00
2023-08-06 02:25:22.160905 - Found REAPRI00.txt (text/plain) in CBT.V505.FILE239.PDS, moved to PDS/REAPRI00
2023-08-06 02:25:22.161733 - Found REAPRJ00.txt (text/plain) in CBT.V505.FILE239.PDS, moved to PDS/REAPRJ00
2023-08-06 02:25:22.162734 - Found REAPRL00.txt (text/plain) in CBT.V505.FILE239.PDS, moved to PDS/REAPRL00
2023-08-06 02:25:22.163723 - Found REAPRM00.txt (text/plain) in CBT.V505.FILE239.PDS, moved to PDS/REAPRM00
2023-08-06 02:25:22.164594 - Found REAPRO00.txt (text/plain) in CBT.V505.FILE239.PDS, moved to PDS/REAPRO00
2023-08-06 02:25:22.165581 - Found REAPRP00.txt (text/plain) in CBT.V505.FILE239.PDS, moved to PDS/REAPRP00
2023-08-06 02:25:22.166477 - Found REAPRQ00.txt (text/plain) in CBT.V505.FILE239.PDS, moved to PDS/REAPRQ00
2023-08-06 02:25:22.167446 - Found REAPRR00.txt (text/plain) in CBT.V505.FILE239.PDS, moved to PDS/REAPRR00
2023-08-06 02:25:22.168321 - Found REAPRR01.txt (text/plain) in CBT.V505.FILE239.PDS, moved to PDS/REAPRR01
2023-08-06 02:25:22.169180 - Found REAPRS00.txt (text/plain) in CBT.V505.FILE239.PDS, moved to PDS/REAPRS00
2023-08-06 02:25:22.170027 - Found REAPRT00.txt (text/plain) in CBT.V505.FILE239.PDS, moved to PDS/REAPRT00
2023-08-06 02:25:22.170979 - Found REAPRU00.txt (text/plain) in CBT.V505.FILE239.PDS, moved to PDS/REAPRU00
2023-08-06 02:25:22.171882 - Found REAPRU01.txt (text/plain) in CBT.V505.FILE239.PDS, moved to PDS/REAPRU01
2023-08-06 02:25:22.172749 - Found REAPRU02.txt (text/plain) in CBT.V505.FILE239.PDS, moved to PDS/REAPRU02
2023-08-06 02:25:22.173611 - Found REAPRU03.txt (text/plain) in CBT.V505.FILE239.PDS, moved to PDS/REAPRU03
2023-08-06 02:25:22.174463 - Found REAPRU04.txt (text/plain) in CBT.V505.FILE239.PDS, moved to PDS/REAPRU04
2023-08-06 02:25:22.175391 - Found REAPRV00.txt (text/plain) in CBT.V505.FILE239.PDS, moved to PDS/REAPRV00
2023-08-06 02:25:22.176322 - Found REAPRW00.txt (text/plain) in CBT.V505.FILE239.PDS, moved to PDS/REAPRW00
2023-08-06 02:25:22.177229 - Found REAPRW01.txt (text/plain) in CBT.V505.FILE239.PDS, moved to PDS/REAPRW01
2023-08-06 02:25:22.178104 - Found REAPRX00.txt (text/plain) in CBT.V505.FILE239.PDS, moved to PDS/REAPRX00
2023-08-06 02:25:22.179042 - Found REAPRY00.txt (text/plain) in CBT.V505.FILE239.PDS, moved to PDS/REAPRY00
2023-08-06 02:25:22.179936 - Found REAPRZ00.txt (text/plain) in CBT.V505.FILE239.PDS, moved to PDS/REAPRZ00
2023-08-06 02:25:22.180789 - Found REAPR000.txt (text/plain) in CBT.V505.FILE239.PDS, moved to PDS/REAPR000
2023-08-06 02:25:22.181720 - Found REAPR001.txt (text/plain) in CBT.V505.FILE239.PDS, moved to PDS/REAPR001
2023-08-06 02:25:22.182672 - Found REAPR002.txt (text/plain) in CBT.V505.FILE239.PDS, moved to PDS/REAPR002
2023-08-06 02:25:22.183539 - Found REAPR003.txt (text/plain) in CBT.V505.FILE239.PDS, moved to PDS/REAPR003
2023-08-06 02:25:22.184409 - Found REAPR004.txt (text/plain) in CBT.V505.FILE239.PDS, moved to PDS/REAPR004
2023-08-06 02:25:22.185376 - Found REAPR005.txt (text/plain) in CBT.V505.FILE239.PDS, moved to PDS/REAPR005
2023-08-06 02:25:22.186554 - Found REAPR006.txt (text/plain) in CBT.V505.FILE239.PDS, moved to PDS/REAPR006
2023-08-06 02:25:22.187513 - Found REAPR007.txt (text/plain) in CBT.V505.FILE239.PDS, moved to PDS/REAPR007
2023-08-06 02:25:22.188340 - Found REAPR008.txt (text/plain) in CBT.V505.FILE239.PDS, moved to PDS/REAPR008
2023-08-06 02:25:22.189164 - Found REARC000.txt (text/plain) in CBT.V505.FILE239.PDS, moved to PDS/REARC000
2023-08-06 02:25:22.189994 - Found REASE000.txt (text/plain) in CBT.V505.FILE239.PDS, moved to PDS/REASE000
2023-08-06 02:25:22.191056 - Found REASMIDP.txt (text/plain) in CBT.V505.FILE239.PDS, moved to PDS/REASMIDP
2023-08-06 02:25:22.191991 - Found REASM01.txt (text/plain) in CBT.V505.FILE239.PDS, moved to PDS/REASM01
2023-08-06 02:25:22.192907 - Found REASM02.txt (text/plain) in CBT.V505.FILE239.PDS, moved to PDS/REASM02
2023-08-06 02:25:22.193792 - Found REASM03.txt (text/plain) in CBT.V505.FILE239.PDS, moved to PDS/REASM03
2023-08-06 02:25:22.194735 - Found REASM04.txt (text/plain) in CBT.V505.FILE239.PDS, moved to PDS/REASM04
2023-08-06 02:25:22.195719 - Found REASM05.txt (text/plain) in CBT.V505.FILE239.PDS, moved to PDS/REASM05
2023-08-06 02:25:22.196561 - Found REASM06.txt (text/plain) in CBT.V505.FILE239.PDS, moved to PDS/REASM06
2023-08-06 02:25:22.197423 - Found REA00000.txt (text/plain) in CBT.V505.FILE239.PDS, moved to PDS/REA00000
2023-08-06 02:25:22.197571 - No @FILExxx or @FILxxxx detected, creating README.md without extra info
